mode: set
github.com/tvn9/gopl/url/url.go:18.31,19.14 1 1
github.com/tvn9/gopl/url/url.go:19.14,21.3 1 1
github.com/tvn9/gopl/url/url.go:22.2,23.30 2 1
github.com/tvn9/gopl/url/url.go:23.30,26.3 2 1
github.com/tvn9/gopl/url/url.go:27.2,27.26 1 1
github.com/tvn9/gopl/url/url.go:27.26,29.3 1 1
github.com/tvn9/gopl/url/url.go:30.2,30.26 1 1
github.com/tvn9/gopl/url/url.go:30.26,33.3 2 1
github.com/tvn9/gopl/url/url.go:34.2,34.10 1 1
github.com/tvn9/gopl/url/url.go:38.32,40.11 2 1
github.com/tvn9/gopl/url/url.go:40.11,42.3 1 1
github.com/tvn9/gopl/url/url.go:43.2,43.19 1 1
github.com/tvn9/gopl/url/url.go:46.32,48.11 2 1
github.com/tvn9/gopl/url/url.go:48.11,50.3 1 1
github.com/tvn9/gopl/url/url.go:51.2,51.21 1 1
github.com/tvn9/gopl/url/url.go:56.38,59.9 2 1
github.com/tvn9/gopl/url/url.go:59.9,61.3 1 1
github.com/tvn9/gopl/url/url.go:63.2,64.9 2 1
github.com/tvn9/gopl/url/url.go:64.9,66.3 1 0
github.com/tvn9/gopl/url/url.go:68.2,69.9 2 1
github.com/tvn9/gopl/url/url.go:69.9,71.3 1 0
github.com/tvn9/gopl/url/url.go:73.2,73.58 1 1
github.com/tvn9/gopl/url/url.go:77.51,80.11 2 1
github.com/tvn9/gopl/url/url.go:80.11,82.3 1 0
github.com/tvn9/gopl/url/url.go:83.2,83.24 1 1
github.com/tvn9/gopl/url/url.go:87.51,89.11 2 1
github.com/tvn9/gopl/url/url.go:89.11,91.3 1 0
github.com/tvn9/gopl/url/url.go:92.2,92.22 1 1
github.com/tvn9/gopl/url/url.go:96.61,99.11 2 1
github.com/tvn9/gopl/url/url.go:99.11,101.3 1 1
github.com/tvn9/gopl/url/url.go:102.2,102.33 1 1
