mode: set
github.com/tvn9/gopl/url/url.go:16.31,17.14 1 1
github.com/tvn9/gopl/url/url.go:17.14,19.3 1 1
github.com/tvn9/gopl/url/url.go:20.2,21.30 2 1
github.com/tvn9/gopl/url/url.go:21.30,24.3 2 1
github.com/tvn9/gopl/url/url.go:25.2,25.26 1 1
github.com/tvn9/gopl/url/url.go:25.26,27.3 1 1
github.com/tvn9/gopl/url/url.go:28.2,28.26 1 1
github.com/tvn9/gopl/url/url.go:28.26,31.3 2 1
github.com/tvn9/gopl/url/url.go:32.2,32.10 1 1
github.com/tvn9/gopl/url/url.go:36.32,38.11 2 1
github.com/tvn9/gopl/url/url.go:38.11,40.3 1 1
github.com/tvn9/gopl/url/url.go:41.2,41.19 1 1
github.com/tvn9/gopl/url/url.go:44.32,46.11 2 1
github.com/tvn9/gopl/url/url.go:46.11,48.3 1 1
github.com/tvn9/gopl/url/url.go:49.2,49.21 1 1
github.com/tvn9/gopl/url/url.go:53.38,56.11 2 1
github.com/tvn9/gopl/url/url.go:56.11,58.3 1 1
github.com/tvn9/gopl/url/url.go:61.2,65.43 3 1
github.com/tvn9/gopl/url/url.go:65.43,67.3 1 1
github.com/tvn9/gopl/url/url.go:70.2,70.58 1 1
